<?xml version="1.0" encoding="UTF-8"?>
<!-- Generated by org.testng.reporters.JUnitReportReporter -->
<testsuite hostname="DESKTOP-OTVCISA" failures="0" tests="1" name="com.testng.practice.PracticeTestngAnnotations" time="0.006" errors="0" timestamp="2023-10-26T22:36:42 PDT" skipped="0">
  <testcase classname="com.testng.practice.PracticeTestngAnnotations" name="test" time="0.006"/>
</testsuite> <!-- com.testng.practice.PracticeTestngAnnotations -->
