<?xml version="1.0" encoding="UTF-8"?>
<!-- Generated by org.testng.reporters.JUnitReportReporter -->
<testsuite hostname="DESKTOP-OTVCISA" failures="0" tests="2" name="com.testng.practice.PracticeAssertions" time="0.009" errors="0" timestamp="2023-10-28T11:13:28 PDT" skipped="0">
  <testcase classname="com.testng.practice.PracticeAssertions" name="getSum" time="0.008"/>
  <testcase classname="com.testng.practice.PracticeAssertions" name="getMultiply" time="0.001"/>
</testsuite> <!-- com.testng.practice.PracticeAssertions -->
