<?xml version="1.0" encoding="UTF-8"?>
<!-- Generated by org.testng.reporters.JUnitReportReporter -->
<testsuite hostname="DESKTOP-OTVCISA" failures="0" tests="1" name="com.testng.practice.ParameterTestng" time="0.007" errors="0" timestamp="2023-10-28T09:32:31 PDT" skipped="0">
  <testcase classname="com.testng.practice.ParameterTestng" name="practiceParam" time="0.007"/>
</testsuite> <!-- com.testng.practice.ParameterTestng -->
