<?xml version="1.0" encoding="UTF-8"?>
<!-- Generated by org.testng.reporters.JUnitReportReporter -->
<testsuite hostname="DESKTOP-OTVCISA" failures="0" tests="9" name="com.testng.practice.PracticeTestngMethod" time="0.017" errors="0" timestamp="2023-11-04T08:13:50 PDT" skipped="1">
  <testcase classname="com.testng.practice.PracticeTestngMethod" name="login" time="0.001"/>
  <testcase classname="com.testng.practice.PracticeTestngMethod" name="login" time="0.001"/>
  <testcase classname="com.testng.practice.PracticeTestngMethod" name="login" time="0.002"/>
  <testcase classname="com.testng.practice.PracticeTestngMethod" name="login" time="0.007"/>
  <testcase classname="com.testng.practice.PracticeTestngMethod" name="login" time="0.002"/>
  <testcase classname="com.testng.practice.PracticeTestngMethod" name="dress" time="0.001"/>
  <testcase classname="com.testng.practice.PracticeTestngMethod" name="cart" time="0.001"/>
  <testcase classname="com.testng.practice.PracticeTestngMethod" name="placeOrder" time="0.002"/>
  <testcase classname="com.testng.practice.PracticeTestngMethod" name="payment">
    <skipped/>
  </testcase> <!-- payment -->
</testsuite> <!-- com.testng.practice.PracticeTestngMethod -->
