<?xml version="1.0" encoding="UTF-8"?>
<!-- Generated by org.testng.reporters.JUnitReportReporter -->
<testsuite hostname="DESKTOP-OTVCISA" failures="0" tests="1" name="com.testng.practice.FirstClass2" time="10.809" errors="0" timestamp="2023-11-03T22:46:50 PDT" skipped="0">
  <testcase classname="com.testng.practice.FirstClass2" name="getMouseHover" time="10.809"/>
</testsuite> <!-- com.testng.practice.FirstClass2 -->
