<?xml version="1.0" encoding="UTF-8"?>
<!-- Generated by org.testng.reporters.JUnitReportReporter -->
<testsuite hostname="DESKTOP-OTVCISA" failures="0" tests="1" name="com.testng.practice.ParameterTng2" time="0.007" errors="0" timestamp="2023-11-02T16:59:26 PDT" skipped="0">
  <testcase classname="com.testng.practice.ParameterTng2" name="practiceParam" time="0.007"/>
</testsuite> <!-- com.testng.practice.ParameterTng2 -->
