<?xml version="1.0" encoding="UTF-8"?>
<!-- Generated by org.testng.reporters.JUnitReportReporter -->
<testsuite hostname="DESKTOP-OTVCISA" failures="0" tests="1" name="com.testng.practice.CrossBrowserTestng2" time="8.772" errors="0" timestamp="2023-11-03T21:41:16 PDT" skipped="0">
  <testcase classname="com.testng.practice.CrossBrowserTestng2" name="crossBrowserCostco" time="8.772"/>
</testsuite> <!-- com.testng.practice.CrossBrowserTestng2 -->
